# JRE version: OpenJDK Runtime Environment (8.0_202-b03) (build 1.8.0_202-release-1483-b03)
# Java VM: OpenJDK 64-Bit Server VM (25.202-b03 mixed mode windows-amd64 compressed oops)
Heap:
 PSYoungGen      total 472064K, used 135450K [0x00000000e0000000, 0x0000000100000000, 0x0000000100000000)
  eden space 423936K, 31% used [0x00000000e0000000,0x00000000e8266a00,0x00000000f9e00000)
  from space 48128K, 3% used [0x00000000f9e00000,0x00000000f9fe0020,0x00000000fcd00000)
  to   space 49152K, 0% used [0x00000000fd000000,0x00000000fd000000,0x0000000100000000)
 ParOldGen       total 458240K, used 127484K [0x00000000a0000000, 0x00000000bbf80000, 0x00000000e0000000)
  object space 458240K, 27% used [0x00000000a0000000,0x00000000a7c7f0d8,0x00000000bbf80000)
 Metaspace       used 263455K, capacity 277694K, committed 284352K, reserved 1296384K
  class space    used 33038K, capacity 35450K, committed 36864K, reserved 1048576K
GC Heap History (10 events):
Event: 50196.827 GC heap before
{Heap before GC invocations=137 (full 6):
 PSYoungGen      total 466432K, used 447555K [0x00000000e0000000, 0x00000000ffc80000, 0x0000000100000000)
  eden space 417280K, 100% used [0x00000000e0000000,0x00000000f9780000,0x00000000f9780000)
  from space 49152K, 61% used [0x00000000fcc80000,0x00000000fea10d08,0x00000000ffc80000)
  to   space 51712K, 0% used [0x00000000f9780000,0x00000000f9780000,0x00000000fca00000)
 ParOldGen       total 458240K, used 108159K [0x00000000a0000000, 0x00000000bbf80000, 0x00000000e0000000)
  object space 458240K, 23% used [0x00000000a0000000,0x00000000a699fff0,0x00000000bbf80000)
 Metaspace       used 263398K, capacity 277602K, committed 284352K, reserved 1296384K
  class space    used 33031K, capacity 35444K, committed 36864K, reserved 1048576K
Event: 50196.916 GC heap after
Heap after GC invocations=137 (full 6):
 PSYoungGen      total 468992K, used 13336K [0x00000000e0000000, 0x0000000100000000, 0x0000000100000000)
  eden space 417280K, 0% used [0x00000000e0000000,0x00000000e0000000,0x00000000f9780000)
  from space 51712K, 25% used [0x00000000f9780000,0x00000000fa4861b0,0x00000000fca00000)
  to   space 51200K, 0% used [0x00000000fce00000,0x00000000fce00000,0x0000000100000000)
 ParOldGen       total 458240K, used 121209K [0x00000000a0000000, 0x00000000bbf80000, 0x00000000e0000000)
  object space 458240K, 26% used [0x00000000a0000000,0x00000000a765e578,0x00000000bbf80000)
 Metaspace       used 263398K, capacity 277602K, committed 284352K, reserved 1296384K
  class space    used 33031K, capacity 35444K, committed 36864K, reserved 1048576K
}
Event: 50200.074 GC heap before
{Heap before GC invocations=138 (full 6):
 PSYoungGen      total 468992K, used 430616K [0x00000000e0000000, 0x0000000100000000, 0x0000000100000000)
  eden space 417280K, 100% used [0x00000000e0000000,0x00000000f9780000,0x00000000f9780000)
  from space 51712K, 25% used [0x00000000f9780000,0x00000000fa4861b0,0x00000000fca00000)
  to   space 51200K, 0% used [0x00000000fce00000,0x00000000fce00000,0x0000000100000000)
 ParOldGen       total 458240K, used 121209K [0x00000000a0000000, 0x00000000bbf80000, 0x00000000e0000000)
  object space 458240K, 26% used [0x00000000a0000000,0x00000000a765e578,0x00000000bbf80000)
 Metaspace       used 263411K, capacity 277606K, committed 284352K, reserved 1296384K
  class space    used 33031K, capacity 35444K, committed 36864K, reserved 1048576K
Event: 50200.138 GC heap after
Heap after GC invocations=138 (full 6):
 PSYoungGen      total 472064K, used 10121K [0x00000000e0000000, 0x00000000fff80000, 0x0000000100000000)
  eden space 421376K, 0% used [0x00000000e0000000,0x00000000e0000000,0x00000000f9b80000)
  from space 50688K, 19% used [0x00000000fce00000,0x00000000fd7e24b0,0x00000000fff80000)
  to   space 51200K, 0% used [0x00000000f9b80000,0x00000000f9b80000,0x00000000fcd80000)
 ParOldGen       total 458240K, used 121493K [0x00000000a0000000, 0x00000000bbf80000, 0x00000000e0000000)
  object space 458240K, 26% used [0x00000000a0000000,0x00000000a76a5588,0x00000000bbf80000)
 Metaspace       used 263411K, capacity 277606K, committed 284352K, reserved 1296384K
  class space    used 33031K, capacity 35444K, committed 36864K, reserved 1048576K
}
Event: 50203.454 GC heap before
{Heap before GC invocations=139 (full 6):
 PSYoungGen      total 472064K, used 431497K [0x00000000e0000000, 0x00000000fff80000, 0x0000000100000000)
  eden space 421376K, 100% used [0x00000000e0000000,0x00000000f9b80000,0x00000000f9b80000)
  from space 50688K, 19% used [0x00000000fce00000,0x00000000fd7e24b0,0x00000000fff80000)
  to   space 51200K, 0% used [0x00000000f9b80000,0x00000000f9b80000,0x00000000fcd80000)
 ParOldGen       total 458240K, used 121493K [0x00000000a0000000, 0x00000000bbf80000, 0x00000000e0000000)
  object space 458240K, 26% used [0x00000000a0000000,0x00000000a76a5588,0x00000000bbf80000)
 Metaspace       used 263425K, capacity 277674K, committed 284352K, reserved 1296384K
  class space    used 33031K, capacity 35444K, committed 36864K, reserved 1048576K
Event: 50203.488 GC heap after
Heap after GC invocations=139 (full 6):
 PSYoungGen      total 437760K, used 15884K [0x00000000e0000000, 0x00000000ffd80000, 0x0000000100000000)
  eden space 421376K, 0% used [0x00000000e0000000,0x00000000e0000000,0x00000000f9b80000)
  from space 16384K, 96% used [0x00000000f9b80000,0x00000000fab03070,0x00000000fab80000)
  to   space 49664K, 0% used [0x00000000fcd00000,0x00000000fcd00000,0x00000000ffd80000)
 ParOldGen       total 458240K, used 121597K [0x00000000a0000000, 0x00000000bbf80000, 0x00000000e0000000)
  object space 458240K, 26% used [0x00000000a0000000,0x00000000a76bf588,0x00000000bbf80000)
 Metaspace       used 263425K, capacity 277674K, committed 284352K, reserved 1296384K
  class space    used 33031K, capacity 35444K, committed 36864K, reserved 1048576K
}
Event: 50207.496 GC heap before
{Heap before GC invocations=140 (full 6):
 PSYoungGen      total 437760K, used 437260K [0x00000000e0000000, 0x00000000ffd80000, 0x0000000100000000)
  eden space 421376K, 100% used [0x00000000e0000000,0x00000000f9b80000,0x00000000f9b80000)
  from space 16384K, 96% used [0x00000000f9b80000,0x00000000fab03070,0x00000000fab80000)
  to   space 49664K, 0% used [0x00000000fcd00000,0x00000000fcd00000,0x00000000ffd80000)
 ParOldGen       total 458240K, used 121597K [0x00000000a0000000, 0x00000000bbf80000, 0x00000000e0000000)
  object space 458240K, 26% used [0x00000000a0000000,0x00000000a76bf588,0x00000000bbf80000)
 Metaspace       used 263440K, capacity 277692K, committed 284352K, reserved 1296384K
  class space    used 33035K, capacity 35449K, committed 36864K, reserved 1048576K
Event: 50207.522 GC heap after
Heap after GC invocations=140 (full 6):
 PSYoungGen      total 473600K, used 15229K [0x00000000e0000000, 0x0000000100000000, 0x0000000100000000)
  eden space 423936K, 0% used [0x00000000e0000000,0x00000000e0000000,0x00000000f9e00000)
  from space 49664K, 30% used [0x00000000fcd00000,0x00000000fdbdf580,0x00000000ffd80000)
  to   space 48128K, 0% used [0x00000000f9e00000,0x00000000f9e00000,0x00000000fcd00000)
 ParOldGen       total 458240K, used 121677K [0x00000000a0000000, 0x00000000bbf80000, 0x00000000e0000000)
  object space 458240K, 26% used [0x00000000a0000000,0x00000000a76d3588,0x00000000bbf80000)
 Metaspace       used 263440K, capacity 277692K, committed 284352K, reserved 1296384K
  class space    used 33035K, capacity 35449K, committed 36864K, reserved 1048576K
}
Event: 50213.326 GC heap before
{Heap before GC invocations=141 (full 6):
 PSYoungGen      total 473600K, used 439165K [0x00000000e0000000, 0x0000000100000000, 0x0000000100000000)
  eden space 423936K, 100% used [0x00000000e0000000,0x00000000f9e00000,0x00000000f9e00000)
  from space 49664K, 30% used [0x00000000fcd00000,0x00000000fdbdf580,0x00000000ffd80000)
  to   space 48128K, 0% used [0x00000000f9e00000,0x00000000f9e00000,0x00000000fcd00000)
 ParOldGen       total 458240K, used 121677K [0x00000000a0000000, 0x00000000bbf80000, 0x00000000e0000000)
  object space 458240K, 26% used [0x00000000a0000000,0x00000000a76d3588,0x00000000bbf80000)
 Metaspace       used 263453K, capacity 277692K, committed 284352K, reserved 1296384K
  class space    used 33037K, capacity 35449K, committed 36864K, reserved 1048576K
Event: 50213.378 GC heap after
Heap after GC invocations=141 (full 6):
 PSYoungGen      total 472064K, used 1920K [0x00000000e0000000, 0x0000000100000000, 0x0000000100000000)
  eden space 423936K, 0% used [0x00000000e0000000,0x00000000e0000000,0x00000000f9e00000)
  from space 48128K, 3% used [0x00000000f9e00000,0x00000000f9fe0020,0x00000000fcd00000)
  to   space 49152K, 0% used [0x00000000fd000000,0x00000000fd000000,0x0000000100000000)
 ParOldGen       total 458240K, used 127484K [0x00000000a0000000, 0x00000000bbf80000, 0x00000000e0000000)
  object space 458240K, 27% used [0x00000000a0000000,0x00000000a7c7f0d8,0x00000000bbf80000)
 Metaspace       used 263453K, capacity 277692K, committed 284352K, reserved 1296384K
  class space    used 33037K, capacity 35449K, committed 36864K, reserved 1048576K
}

